<?xml version="1.0" encoding="UTF-8"?>
<coverage generated="1726155821156" clover="3.2.0">
  <project timestamp="1726155821156" name="All files">
    <metrics statements="11" coveredstatements="11" conditionals="0" coveredconditionals="0" methods="12" coveredmethods="10" elements="23" coveredelements="21" complexity="0" loc="11" ncloc="11" packages="1" files="2" classes="2"/>
    <file name="extended_formatting.js" path="C:\Users\luisf\Documents\GitHub\M450_Unit_Testing\extended_formatting.js">
      <metrics statements="5" coveredstatements="5" conditionals="0" coveredconditionals="0" methods="7" coveredmethods="5"/>
      <line num="2" count="1" type="stmt"/>
      <line num="13" count="1" type="stmt"/>
      <line num="17" count="3" type="stmt"/>
      <line num="21" count="2" type="stmt"/>
      <line num="24" count="1" type="stmt"/>
    </file>
    <file name="formatting.js" path="C:\Users\luisf\Documents\GitHub\M450_Unit_Testing\formatting.js">
      <metrics statements="6" coveredstatements="6" conditionals="0" coveredconditionals="0" methods="5" coveredmethods="5"/>
      <line num="2" count="1" type="stmt"/>
      <line num="6" count="1" type="stmt"/>
      <line num="10" count="1" type="stmt"/>
      <line num="14" count="1" type="stmt"/>
      <line num="15" count="13" type="stmt"/>
      <line num="18" count="1" type="stmt"/>
    </file>
  </project>
</coverage>
