TN:
SF:extended_formatting.js
FN:1,uniqueValues
FN:5,letterFrequency
FN:8,sortByKey
FN:12,deepClone
FN:16,intersection
FN:17,(anonymous_5)
FN:20,divide
FNF:7
FNH:5
FNDA:1,uniqueValues
FNDA:0,letterFrequency
FNDA:0,sortByKey
FNDA:1,deepClone
FNDA:1,intersection
FNDA:3,(anonymous_5)
FNDA:2,divide
DA:2,1
DA:13,1
DA:17,3
DA:21,2
DA:24,1
LF:5
LH:5
BRF:0
BRH:0
end_of_record
TN:
SF:formatting.js
FN:1,getLastElement
FN:5,isPalindrome
FN:9,capitalizeWords
FN:13,lengthOfLongestWord
FN:15,(anonymous_4)
FNF:5
FNH:5
FNDA:1,getLastElement
FNDA:1,isPalindrome
FNDA:1,capitalizeWords
FNDA:1,lengthOfLongestWord
FNDA:13,(anonymous_4)
DA:2,1
DA:6,1
DA:10,1
DA:14,1
DA:15,13
DA:18,1
LF:6
LH:6
BRF:0
BRH:0
end_of_record
